  Ally.cpp
D:\AI_project\Project1\Ally.cpp(77,20): warning C4244: 'initialisation' : conversion de 'double' en 'float', perte possible de données
D:\AI_project\Project1\Ally.cpp(117,20): warning C4244: 'initialisation' : conversion de 'double' en 'float', perte possible de données
  BTEnemy.cpp
  BTNode.cpp
D:\AI_project\Project1\BTNode.cpp(57,54): warning C4267: '=' : conversion de 'size_t' en 'int', perte possible de données
  BigEnemy.cpp
D:\AI_project\Project1\BigEnemy.cpp(19,20): warning C4244: 'initialisation' : conversion de 'double' en 'float', perte possible de données
  Enemy.cpp
  Player.cpp
D:\AI_project\Project1\Player.cpp(57,28): warning C4244: 'initialisation' : conversion de 'double' en 'float', perte possible de données
D:\AI_project\Project1\Player.cpp(91,28): warning C4244: 'initialisation' : conversion de 'double' en 'float', perte possible de données
  main.cpp
C:\Program Files\Microsoft Visual Studio\2022\Community\VC\Tools\MSVC\14.42.34433\include\xutility(406,82): warning C4244: 'argument' : conversion de '_Ty' en 'float', perte possible de données
C:\Program Files\Microsoft Visual Studio\2022\Community\VC\Tools\MSVC\14.42.34433\include\xutility(406,82): warning C4244:         with
C:\Program Files\Microsoft Visual Studio\2022\Community\VC\Tools\MSVC\14.42.34433\include\xutility(406,82): warning C4244:         [
C:\Program Files\Microsoft Visual Studio\2022\Community\VC\Tools\MSVC\14.42.34433\include\xutility(406,82): warning C4244:             _Ty=int
C:\Program Files\Microsoft Visual Studio\2022\Community\VC\Tools\MSVC\14.42.34433\include\xutility(406,82): warning C4244:         ]
  (compiler le fichier source 'main.cpp')
      C:\Program Files\Microsoft Visual Studio\2022\Community\VC\Tools\MSVC\14.42.34433\include\xutility(406,82):
      le contexte d’instanciation du modèle (le plus ancien) est
          D:\AI_project\Project1\main.cpp(16,23):
          voir la référence à l'instanciation de la fonction modèle 'std::shared_ptr<BigEnemy> std::make_shared<BigEnemy,int,int>(int &&,int &&)' en cours de compilation
          C:\Program Files\Microsoft Visual Studio\2022\Community\VC\Tools\MSVC\14.42.34433\include\memory(2906,46):
          voir la référence à l'instanciation de la fonction modèle 'std::_Ref_count_obj2<BigEnemy>::_Ref_count_obj2<_Ty,_Ty>(_Ty &&,_Ty &&)' en cours de compilation
          with
          [
              _Ty=int
          ]
          C:\Program Files\Microsoft Visual Studio\2022\Community\VC\Tools\MSVC\14.42.34433\include\memory(2095,18):
          voir la référence à l'instanciation de la fonction modèle 'void std::_Construct_in_place<_Ty,int,int>(_Ty &,int &&,int &&) noexcept(false)' en cours de compilation
          with
          [
              _Ty=BigEnemy
          ]
  
  Génération de code en cours
  3 of 1330 functions ( 0.2%) were compiled, the rest were copied from previous compilation.
    0 functions were new in current compilation
    0 functions had inline decision re-evaluated but remain unchanged
  Fin de la génération du code
  Project1.vcxproj -> D:\AI_project\x64\Release\Project1.exe
